{"C:\\aaprojects\\imago\\imago\\src\\components\\Button\\Button.js": {"path":"C:\\aaprojects\\imago\\imago\\src\\components\\Button\\Button.js","statementMap":{"0":{"start":{"line":13,"column":2},"end":{"line":17,"column":4}}},"fnMap":{"0":{"name":"Button","decl":{"start":{"line":7,"column":24},"end":{"line":7,"column":30}},"loc":{"start":{"line":12,"column":3},"end":{"line":18,"column":1}},"line":12}},"branchMap":{"0":{"loc":{"start":{"line":14,"column":84},"end":{"line":14,"column":127}},"type":"cond-expr","locations":[{"start":{"line":14,"column":94},"end":{"line":14,"column":122}},{"start":{"line":14,"column":125},"end":{"line":14,"column":127}}],"line":14}},"s":{"0":38},"f":{"0":38},"b":{"0":[12,26]},"_coverageSchema":"1a1c01bbd47fc00a2c39e90264f33305004495a9","hash":"dcc1574132a02cbb4ab1d94395c37b9454042bda"}
,"C:\\aaprojects\\imago\\imago\\src\\components\\Checkbox\\Checkbox.js": {"path":"C:\\aaprojects\\imago\\imago\\src\\components\\Checkbox\\Checkbox.js","statementMap":{"0":{"start":{"line":8,"column":2},"end":{"line":12,"column":4}}},"fnMap":{"0":{"name":"Checkbox","decl":{"start":{"line":7,"column":24},"end":{"line":7,"column":32}},"loc":{"start":{"line":7,"column":56},"end":{"line":13,"column":1}},"line":7}},"branchMap":{"0":{"loc":{"start":{"line":9,"column":49},"end":{"line":9,"column":89}},"type":"cond-expr","locations":[{"start":{"line":9,"column":58},"end":{"line":9,"column":84}},{"start":{"line":9,"column":87},"end":{"line":9,"column":89}}],"line":9}},"s":{"0":12},"f":{"0":12},"b":{"0":[2,10]},"_coverageSchema":"1a1c01bbd47fc00a2c39e90264f33305004495a9","hash":"17ffd82df38d9bd8049d68dcdbd92582cb603e38"}
,"C:\\aaprojects\\imago\\imago\\src\\components\\Divider\\Divider.js": {"path":"C:\\aaprojects\\imago\\imago\\src\\components\\Divider\\Divider.js","statementMap":{"0":{"start":{"line":8,"column":2},"end":{"line":10,"column":4}}},"fnMap":{"0":{"name":"Button","decl":{"start":{"line":7,"column":24},"end":{"line":7,"column":30}},"loc":{"start":{"line":7,"column":64},"end":{"line":11,"column":1}},"line":7}},"branchMap":{"0":{"loc":{"start":{"line":7,"column":44},"end":{"line":7,"column":60}},"type":"default-arg","locations":[{"start":{"line":7,"column":54},"end":{"line":7,"column":60}}],"line":7}},"s":{"0":17},"f":{"0":17},"b":{"0":[6]},"_coverageSchema":"1a1c01bbd47fc00a2c39e90264f33305004495a9","hash":"e4a8d9a0d37c21402b1d22e900d91b90f24b2f1c"}
,"C:\\aaprojects\\imago\\imago\\src\\constants\\common.js": {"path":"C:\\aaprojects\\imago\\imago\\src\\constants\\common.js","statementMap":{"0":{"start":{"line":1,"column":28},"end":{"line":1,"column":31}},"1":{"start":{"line":2,"column":25},"end":{"line":4,"column":1}},"2":{"start":{"line":5,"column":23},"end":{"line":5,"column":70}}},"fnMap":{},"branchMap":{},"s":{"0":2,"1":2,"2":2},"f":{},"b":{},"_coverageSchema":"1a1c01bbd47fc00a2c39e90264f33305004495a9","hash":"6d5b46a43c38c5064ca191baa8cd547c725cfd23"}
,"C:\\aaprojects\\imago\\imago\\src\\hooks\\useQuery.js": {"path":"C:\\aaprojects\\imago\\imago\\src\\hooks\\useQuery.js","statementMap":{"0":{"start":{"line":8,"column":21},"end":{"line":8,"column":34}},"1":{"start":{"line":10,"column":2},"end":{"line":10,"column":68}},"2":{"start":{"line":10,"column":29},"end":{"line":10,"column":56}}},"fnMap":{"0":{"name":"useQuery","decl":{"start":{"line":7,"column":16},"end":{"line":7,"column":24}},"loc":{"start":{"line":7,"column":27},"end":{"line":11,"column":1}},"line":7},"1":{"name":"(anonymous_1)","decl":{"start":{"line":10,"column":23},"end":{"line":10,"column":24}},"loc":{"start":{"line":10,"column":29},"end":{"line":10,"column":56}},"line":10}},"branchMap":{},"s":{"0":0,"1":0,"2":0},"f":{"0":0,"1":0},"b":{},"_coverageSchema":"1a1c01bbd47fc00a2c39e90264f33305004495a9","hash":"94902fdbfff3b5b3e7dc4947a0674fbc49f552ba"}
,"C:\\aaprojects\\imago\\imago\\src\\routes\\product\\Product.js": {"path":"C:\\aaprojects\\imago\\imago\\src\\routes\\product\\Product.js","statementMap":{"0":{"start":{"line":18,"column":15},"end":{"line":18,"column":26}},"1":{"start":{"line":20,"column":30},"end":{"line":23,"column":4}},"2":{"start":{"line":22,"column":19},"end":{"line":22,"column":26}},"3":{"start":{"line":25,"column":52},"end":{"line":25,"column":62}},"4":{"start":{"line":26,"column":26},"end":{"line":26,"column":119}},"5":{"start":{"line":26,"column":40},"end":{"line":26,"column":110}},"6":{"start":{"line":26,"column":75},"end":{"line":26,"column":106}},"7":{"start":{"line":28,"column":26},"end":{"line":30,"column":3}},"8":{"start":{"line":29,"column":4},"end":{"line":29,"column":29}},"9":{"start":{"line":32,"column":2},"end":{"line":38,"column":3}},"10":{"start":{"line":33,"column":4},"end":{"line":37,"column":6}},"11":{"start":{"line":40,"column":2},"end":{"line":118,"column":4}},"12":{"start":{"line":69,"column":16},"end":{"line":94,"column":27}},"13":{"start":{"line":76,"column":38},"end":{"line":76,"column":72}}},"fnMap":{"0":{"name":"Product","decl":{"start":{"line":17,"column":24},"end":{"line":17,"column":31}},"loc":{"start":{"line":17,"column":34},"end":{"line":119,"column":1}},"line":17},"1":{"name":"(anonymous_1)","decl":{"start":{"line":22,"column":13},"end":{"line":22,"column":14}},"loc":{"start":{"line":22,"column":19},"end":{"line":22,"column":26}},"line":22},"2":{"name":"(anonymous_2)","decl":{"start":{"line":26,"column":34},"end":{"line":26,"column":35}},"loc":{"start":{"line":26,"column":40},"end":{"line":26,"column":110}},"line":26},"3":{"name":"(anonymous_3)","decl":{"start":{"line":26,"column":65},"end":{"line":26,"column":66}},"loc":{"start":{"line":26,"column":75},"end":{"line":26,"column":106}},"line":26},"4":{"name":"(anonymous_4)","decl":{"start":{"line":28,"column":26},"end":{"line":28,"column":27}},"loc":{"start":{"line":28,"column":34},"end":{"line":30,"column":3}},"line":28},"5":{"name":"(anonymous_5)","decl":{"start":{"line":68,"column":37},"end":{"line":68,"column":38}},"loc":{"start":{"line":69,"column":16},"end":{"line":94,"column":27}},"line":69},"6":{"name":"(anonymous_6)","decl":{"start":{"line":76,"column":32},"end":{"line":76,"column":33}},"loc":{"start":{"line":76,"column":38},"end":{"line":76,"column":72}},"line":76}},"branchMap":{"0":{"loc":{"start":{"line":26,"column":75},"end":{"line":26,"column":106}},"type":"cond-expr","locations":[{"start":{"line":26,"column":100},"end":{"line":26,"column":101}},{"start":{"line":26,"column":104},"end":{"line":26,"column":106}}],"line":26},"1":{"loc":{"start":{"line":32,"column":2},"end":{"line":38,"column":3}},"type":"if","locations":[{"start":{"line":32,"column":2},"end":{"line":38,"column":3}},{"start":{},"end":{}}],"line":32},"2":{"loc":{"start":{"line":88,"column":20},"end":{"line":92,"column":30}},"type":"cond-expr","locations":[{"start":{"line":90,"column":24},"end":{"line":90,"column":87}},{"start":{"line":92,"column":25},"end":{"line":92,"column":29}}],"line":88}},"s":{"0":10,"1":10,"2":5,"3":10,"4":10,"5":9,"6":4,"7":10,"8":1,"9":10,"10":5,"11":5,"12":10,"13":1},"f":{"0":10,"1":5,"2":9,"3":4,"4":1,"5":10,"6":1},"b":{"0":[3,1],"1":[5,5],"2":[5,5]},"_coverageSchema":"1a1c01bbd47fc00a2c39e90264f33305004495a9","hash":"73bc39cb33697da9e43a1fcfdbebd4aaa05db836"}
,"C:\\aaprojects\\imago\\imago\\src\\routes\\search\\Search.js": {"path":"C:\\aaprojects\\imago\\imago\\src\\routes\\search\\Search.js","statementMap":{"0":{"start":{"line":24,"column":14},"end":{"line":24,"column":30}},"1":{"start":{"line":25,"column":38},"end":{"line":25,"column":79}},"2":{"start":{"line":26,"column":30},"end":{"line":29,"column":4}},"3":{"start":{"line":28,"column":19},"end":{"line":28,"column":34}},"4":{"start":{"line":31,"column":25},"end":{"line":33,"column":3}},"5":{"start":{"line":32,"column":4},"end":{"line":32,"column":25}},"6":{"start":{"line":35,"column":2},"end":{"line":61,"column":4}},"7":{"start":{"line":43,"column":25},"end":{"line":43,"column":66}},"8":{"start":{"line":51,"column":14},"end":{"line":55,"column":19}}},"fnMap":{"0":{"name":"Search","decl":{"start":{"line":23,"column":24},"end":{"line":23,"column":30}},"loc":{"start":{"line":23,"column":33},"end":{"line":62,"column":1}},"line":23},"1":{"name":"(anonymous_1)","decl":{"start":{"line":28,"column":13},"end":{"line":28,"column":14}},"loc":{"start":{"line":28,"column":19},"end":{"line":28,"column":34}},"line":28},"2":{"name":"(anonymous_2)","decl":{"start":{"line":31,"column":25},"end":{"line":31,"column":26}},"loc":{"start":{"line":31,"column":52},"end":{"line":33,"column":3}},"line":31},"3":{"name":"(anonymous_3)","decl":{"start":{"line":43,"column":19},"end":{"line":43,"column":20}},"loc":{"start":{"line":43,"column":25},"end":{"line":43,"column":66}},"line":43},"4":{"name":"(anonymous_4)","decl":{"start":{"line":50,"column":28},"end":{"line":50,"column":29}},"loc":{"start":{"line":51,"column":14},"end":{"line":55,"column":19}},"line":51}},"branchMap":{},"s":{"0":10,"1":10,"2":10,"3":6,"4":10,"5":2,"6":10,"7":1,"8":3},"f":{"0":10,"1":6,"2":2,"3":1,"4":3},"b":{},"_coverageSchema":"1a1c01bbd47fc00a2c39e90264f33305004495a9","hash":"1f6f5b3346104b79e6ba361bcc099ae7970295e2"}
}
