{"C:\\aaprojects\\imago\\imago\\src\\components\\Button\\Button.js": {"path":"C:\\aaprojects\\imago\\imago\\src\\components\\Button\\Button.js","statementMap":{"0":{"start":{"line":12,"column":2},"end":{"line":16,"column":4}}},"fnMap":{"0":{"name":"Button","decl":{"start":{"line":7,"column":24},"end":{"line":7,"column":30}},"loc":{"start":{"line":11,"column":3},"end":{"line":17,"column":1}},"line":11}},"branchMap":{},"s":{"0":12},"f":{"0":12},"b":{},"_coverageSchema":"1a1c01bbd47fc00a2c39e90264f33305004495a9","hash":"6fc5f7b764bc52a5095d77f326b777bba50742be"}
,"C:\\aaprojects\\imago\\imago\\src\\components\\SearchField\\SearchField.js": {"path":"C:\\aaprojects\\imago\\imago\\src\\components\\SearchField\\SearchField.js","statementMap":{"0":{"start":{"line":19,"column":2},"end":{"line":37,"column":9}}},"fnMap":{"0":{"name":"SearchField","decl":{"start":{"line":10,"column":24},"end":{"line":10,"column":35}},"loc":{"start":{"line":18,"column":3},"end":{"line":38,"column":1}},"line":18}},"branchMap":{"0":{"loc":{"start":{"line":14,"column":2},"end":{"line":14,"column":19}},"type":"default-arg","locations":[{"start":{"line":14,"column":17},"end":{"line":14,"column":19}}],"line":14},"1":{"loc":{"start":{"line":29,"column":6},"end":{"line":35,"column":16}},"type":"cond-expr","locations":[{"start":{"line":31,"column":10},"end":{"line":33,"column":19}},{"start":{"line":35,"column":11},"end":{"line":35,"column":15}}],"line":29}},"s":{"0":11},"f":{"0":11},"b":{"0":[11],"1":[4,7]},"_coverageSchema":"1a1c01bbd47fc00a2c39e90264f33305004495a9","hash":"18732ee63f1a51f941fcf070f3f52059bf5b15c6"}
,"C:\\aaprojects\\imago\\imago\\src\\constants\\routes.js": {"path":"C:\\aaprojects\\imago\\imago\\src\\constants\\routes.js","statementMap":{"0":{"start":{"line":1,"column":22},"end":{"line":9,"column":1}},"1":{"start":{"line":8,"column":26},"end":{"line":8,"column":99}}},"fnMap":{"0":{"name":"(anonymous_0)","decl":{"start":{"line":8,"column":10},"end":{"line":8,"column":11}},"loc":{"start":{"line":8,"column":26},"end":{"line":8,"column":99}},"line":8}},"branchMap":{"0":{"loc":{"start":{"line":8,"column":26},"end":{"line":8,"column":99}},"type":"cond-expr","locations":[{"start":{"line":8,"column":39},"end":{"line":8,"column":87}},{"start":{"line":8,"column":90},"end":{"line":8,"column":99}}],"line":8}},"s":{"0":1,"1":11},"f":{"0":11},"b":{"0":[4,7]},"_coverageSchema":"1a1c01bbd47fc00a2c39e90264f33305004495a9","hash":"4554e81a599c6af99eb91a3bdea0922e9be61f94"}
,"C:\\aaprojects\\imago\\imago\\src\\routes\\root\\components\\HeaderControls\\HeaderControls.js": {"path":"C:\\aaprojects\\imago\\imago\\src\\routes\\root\\components\\HeaderControls\\HeaderControls.js","statementMap":{"0":{"start":{"line":16,"column":38},"end":{"line":16,"column":48}},"1":{"start":{"line":17,"column":44},"end":{"line":17,"column":58}},"2":{"start":{"line":18,"column":17},"end":{"line":18,"column":30}},"3":{"start":{"line":19,"column":21},"end":{"line":19,"column":34}},"4":{"start":{"line":21,"column":25},"end":{"line":21,"column":72}},"5":{"start":{"line":21,"column":52},"end":{"line":21,"column":72}},"6":{"start":{"line":22,"column":20},"end":{"line":22,"column":87}},"7":{"start":{"line":22,"column":33},"end":{"line":22,"column":87}},"8":{"start":{"line":23,"column":28},"end":{"line":23,"column":69}},"9":{"start":{"line":23,"column":34},"end":{"line":23,"column":69}},"10":{"start":{"line":25,"column":2},"end":{"line":31,"column":17}},"11":{"start":{"line":26,"column":4},"end":{"line":30,"column":5}},"12":{"start":{"line":27,"column":6},"end":{"line":27,"column":30}},"13":{"start":{"line":29,"column":6},"end":{"line":29,"column":29}},"14":{"start":{"line":33,"column":2},"end":{"line":56,"column":4}}},"fnMap":{"0":{"name":"HeaderControls","decl":{"start":{"line":15,"column":24},"end":{"line":15,"column":38}},"loc":{"start":{"line":15,"column":54},"end":{"line":57,"column":1}},"line":15},"1":{"name":"(anonymous_1)","decl":{"start":{"line":21,"column":25},"end":{"line":21,"column":26}},"loc":{"start":{"line":21,"column":52},"end":{"line":21,"column":72}},"line":21},"2":{"name":"(anonymous_2)","decl":{"start":{"line":22,"column":20},"end":{"line":22,"column":21}},"loc":{"start":{"line":22,"column":33},"end":{"line":22,"column":87}},"line":22},"3":{"name":"(anonymous_3)","decl":{"start":{"line":23,"column":28},"end":{"line":23,"column":29}},"loc":{"start":{"line":23,"column":34},"end":{"line":23,"column":69}},"line":23},"4":{"name":"(anonymous_4)","decl":{"start":{"line":25,"column":12},"end":{"line":25,"column":13}},"loc":{"start":{"line":25,"column":18},"end":{"line":31,"column":3}},"line":25}},"branchMap":{"0":{"loc":{"start":{"line":22,"column":33},"end":{"line":22,"column":87}},"type":"binary-expr","locations":[{"start":{"line":22,"column":33},"end":{"line":22,"column":48}},{"start":{"line":22,"column":52},"end":{"line":22,"column":87}}],"line":22},"1":{"loc":{"start":{"line":26,"column":4},"end":{"line":30,"column":5}},"type":"if","locations":[{"start":{"line":26,"column":4},"end":{"line":30,"column":5}},{"start":{"line":28,"column":11},"end":{"line":30,"column":5}}],"line":26},"2":{"loc":{"start":{"line":39,"column":8},"end":{"line":53,"column":18}},"type":"cond-expr","locations":[{"start":{"line":41,"column":12},"end":{"line":51,"column":18}},{"start":{"line":53,"column":13},"end":{"line":53,"column":17}}],"line":39}},"s":{"0":9,"1":9,"2":9,"3":9,"4":9,"5":2,"6":9,"7":1,"8":9,"9":1,"10":9,"11":4,"12":1,"13":3,"14":9},"f":{"0":9,"1":2,"2":1,"3":1,"4":4},"b":{"0":[1,1],"1":[1,3],"2":[8,1]},"_coverageSchema":"1a1c01bbd47fc00a2c39e90264f33305004495a9","hash":"252eb9c74ad53f56d15b055762d6b07c361f4e00"}
}
