TN:
SF:src\components\SearchField\SearchField.js
FN:10,SearchField
FN:21,(anonymous_1)
FN:28,(anonymous_2)
FNF:3
FNH:3
FNDA:25,SearchField
FNDA:4,(anonymous_1)
FNDA:3,(anonymous_2)
DA:19,25
DA:21,25
DA:22,4
DA:24,4
DA:25,4
DA:28,25
DA:29,3
DA:30,1
DA:33,2
DA:34,2
DA:37,25
LF:11
LH:11
BRDA:14,0,0,12
BRDA:29,1,0,1
BRDA:29,1,1,2
BRDA:47,2,0,18
BRDA:47,2,1,7
BRF:5
BRH:5
end_of_record
TN:
SF:src\components\Spinner\Spinner.js
FN:5,Spinner
FNF:1
FNH:1
FNDA:12,Spinner
DA:8,12
DA:9,2
DA:12,10
LF:3
LH:3
BRDA:8,0,0,2
BRDA:8,0,1,10
BRF:2
BRH:2
end_of_record
TN:
SF:src\constants\common.js
FNF:0
FNH:0
DA:1,2
DA:2,2
DA:5,2
LF:3
LH:3
BRF:0
BRH:0
end_of_record
TN:
SF:src\constants\routes.js
FN:10,(anonymous_0)
FN:11,(anonymous_1)
FNF:2
FNH:2
FNDA:11,(anonymous_0)
FNDA:3,(anonymous_1)
DA:3,2
DA:10,11
DA:11,3
LF:3
LH:3
BRDA:10,0,0,4
BRDA:10,0,1,7
BRF:2
BRH:2
end_of_record
TN:
SF:src\hooks\useQuery.js
FN:7,useQuery
FN:10,(anonymous_1)
FNF:2
FNH:0
FNDA:0,useQuery
FNDA:0,(anonymous_1)
DA:8,0
DA:10,0
LF:2
LH:0
BRF:0
BRH:0
end_of_record
TN:
SF:src\routes\root\components\HeaderControls\HeaderControls.js
FN:16,HeaderControls
FN:22,(anonymous_1)
FN:23,(anonymous_2)
FN:24,(anonymous_3)
FN:26,(anonymous_4)
FNF:5
FNH:5
FNDA:9,HeaderControls
FNDA:2,(anonymous_1)
FNDA:1,(anonymous_2)
FNDA:1,(anonymous_3)
FNDA:4,(anonymous_4)
DA:17,9
DA:18,9
DA:19,9
DA:20,9
DA:22,9
DA:23,9
DA:24,9
DA:26,9
DA:27,4
DA:28,1
DA:30,3
DA:34,9
LF:12
LH:12
BRDA:23,0,0,1
BRDA:23,0,1,1
BRDA:27,1,0,1
BRDA:27,1,1,3
BRDA:40,2,0,8
BRDA:40,2,1,1
BRF:6
BRH:6
end_of_record
TN:
SF:src\routes\search\Search.js
FN:23,Search
FN:28,(anonymous_1)
FN:31,(anonymous_2)
FN:43,(anonymous_3)
FN:50,(anonymous_4)
FNF:5
FNH:5
FNDA:10,Search
FNDA:6,(anonymous_1)
FNDA:2,(anonymous_2)
FNDA:1,(anonymous_3)
FNDA:3,(anonymous_4)
DA:24,10
DA:25,10
DA:26,10
DA:28,6
DA:31,10
DA:32,2
DA:35,10
DA:43,1
DA:51,3
LF:9
LH:9
BRF:0
BRH:0
end_of_record
