TN:
SF:src\components\Button\Button.js
FN:7,Button
FNF:1
FNH:1
FNDA:12,Button
DA:12,12
LF:1
LH:1
BRF:0
BRH:0
end_of_record
TN:
SF:src\components\SearchField\SearchField.js
FN:10,SearchField
FNF:1
FNH:1
FNDA:11,SearchField
DA:19,11
LF:1
LH:1
BRDA:14,0,0,11
BRDA:29,1,0,4
BRDA:29,1,1,7
BRF:3
BRH:3
end_of_record
TN:
SF:src\constants\routes.js
FN:8,(anonymous_0)
FNF:1
FNH:1
FNDA:11,(anonymous_0)
DA:1,1
DA:8,11
LF:2
LH:2
BRDA:8,0,0,4
BRDA:8,0,1,7
BRF:2
BRH:2
end_of_record
TN:
SF:src\routes\root\components\HeaderControls\HeaderControls.js
FN:15,HeaderControls
FN:21,(anonymous_1)
FN:22,(anonymous_2)
FN:23,(anonymous_3)
FN:25,(anonymous_4)
FNF:5
FNH:5
FNDA:9,HeaderControls
FNDA:2,(anonymous_1)
FNDA:1,(anonymous_2)
FNDA:1,(anonymous_3)
FNDA:4,(anonymous_4)
DA:16,9
DA:17,9
DA:18,9
DA:19,9
DA:21,9
DA:22,9
DA:23,9
DA:25,9
DA:26,4
DA:27,1
DA:29,3
DA:33,9
LF:12
LH:12
BRDA:22,0,0,1
BRDA:22,0,1,1
BRDA:26,1,0,1
BRDA:26,1,1,3
BRDA:39,2,0,8
BRDA:39,2,1,1
BRF:6
BRH:6
end_of_record
